<?xml version="1.0" encoding="UTF-8"?>
<!-- Generated by org.testng.reporters.JUnitReportReporter -->
<testsuite hostname="DESKTOP-CAUNBGB" failures="0" tests="1" name="testCases.TC_04SearchTest" time="8.035" errors="0" timestamp="2023-08-24T12:50:31 IST" skipped="0">
  <testcase classname="testCases.TC_04SearchTest" name="searchtest" time="8.035"/>
  <system-out/>
</testsuite> <!-- testCases.TC_04SearchTest -->
