<?xml version="1.0" encoding="UTF-8"?>
<!-- Generated by org.testng.reporters.JUnitReportReporter -->
<testsuite hostname="DESKTOP-CAUNBGB" failures="0" tests="1" name="testCases.TC_01RegisterTest" time="7.335" errors="0" timestamp="2023-08-20T12:56:41 IST" skipped="0">
  <testcase classname="testCases.TC_01RegisterTest" name="Registrationtest" time="7.335"/>
  <system-out/>
</testsuite> <!-- testCases.TC_01RegisterTest -->
