<?xml version="1.0" encoding="UTF-8"?>
<!-- Generated by org.testng.reporters.JUnitReportReporter -->
<testsuite hostname="DESKTOP-CAUNBGB" failures="0" tests="1" name="testCases.TC_01RegisterTest" time="7.872" errors="0" timestamp="2023-08-21T10:41:52 IST" skipped="0">
  <testcase classname="testCases.TC_01RegisterTest" name="Registrationtest" time="7.872"/>
</testsuite> <!-- testCases.TC_01RegisterTest -->
